<?xml version="1.0" encoding="UTF-8" ?>
<testsuite tests="6" failures="0" name="br.com.server.service.test.ServiceTest" time="0.375" errors="0" skipped="0">
  <properties>
[...]
</properties>
  <testcase classname="br.com.server.service.test.ServiceTest" name="calcularPedido" time="0.366"/>
  <testcase classname="br.com.server.service.test.ServiceTest" name="calcularLanche" time="0.001"/>
  <testcase classname="br.com.server.service.test.ServiceTest" name="calcularPedido_MuitoQueijo" time="0.002"/>
  <testcase classname="br.com.server.service.test.ServiceTest" name="calcularPedido_light" time="0.002"/>
  <testcase classname="br.com.server.service.test.ServiceTest" name="calcularPedido_TodasPromocoes" time="0.002"/>
  <testcase classname="br.com.server.service.test.ServiceTest" name="calcularPedido_MuitaCarne" time="0.002"/>
</testsuite>